\BOOKMARK [1][-]{section.1}{Oscillations and waves}{}% 1
\BOOKMARK [2][-]{subsection*.1}{General}{section.1}% 2
\BOOKMARK [3][-]{subsubsection*.2}{Instability}{subsection*.1}% 3
\BOOKMARK [3][-]{subsubsection*.3}{Oscillations}{subsection*.1}% 4
\BOOKMARK [3][-]{subsubsection*.4}{Waves}{subsection*.1}% 5
\BOOKMARK [3][-]{subsubsection*.5}{Standing waves}{subsection*.1}% 6
\BOOKMARK [3][-]{subsubsection*.6}{Propagating waves}{subsection*.1}% 7
\BOOKMARK [3][-]{subsubsection*.7}{wave number}{subsection*.1}% 8
\BOOKMARK [3][-]{subsubsection*.8}{Phase velocity}{subsection*.1}% 9
\BOOKMARK [3][-]{subsubsection*.9}{Group velocity}{subsection*.1}% 10
\BOOKMARK [3][-]{subsubsection*.10}{Dispersion}{subsection*.1}% 11
\BOOKMARK [3][-]{subsubsection*.11}{waveguide}{subsection*.1}% 12
\BOOKMARK [2][-]{subsection*.12}{Types of waves}{section.1}% 13
\BOOKMARK [3][-]{subsubsection*.13}{acoustic waves \(aka sound waves\)}{subsection*.12}% 14
\BOOKMARK [3][-]{subsubsection*.14}{longitudinal waves}{subsection*.12}% 15
\BOOKMARK [3][-]{subsubsection*.15}{transverse waves}{subsection*.12}% 16
\BOOKMARK [2][-]{subsection*.16}{Spherical harmonics}{section.1}% 17
\BOOKMARK [3][-]{subsubsection*.17}{pressure waves}{subsection*.16}% 18
\BOOKMARK [3][-]{subsubsection*.18}{gravity waves}{subsection*.16}% 19
\BOOKMARK [2][-]{subsection*.19}{Magnetohydrodynamic \(MHD\) waves}{section.1}% 20
\BOOKMARK [3][-]{subsubsection*.20}{Characteristic speeds of MHD}{subsection*.19}% 21
\BOOKMARK [3][-]{subsubsection*.21}{magnetoacoustic waves}{subsection*.19}% 22
\BOOKMARK [3][-]{subsubsection*.22}{kink modes}{subsection*.19}% 23
\BOOKMARK [3][-]{subsubsection*.23}{sausage modes}{subsection*.19}% 24
\BOOKMARK [3][-]{subsubsection*.24}{slow magnetoacoustic waves}{subsection*.19}% 25
\BOOKMARK [3][-]{subsubsection*.25}{standing acoustic oscillations}{subsection*.19}% 26
\BOOKMARK [3][-]{subsubsection*.26}{propagating acoustic waves \(slow\)}{subsection*.19}% 27
\BOOKMARK [3][-]{subsubsection*.27}{propagating acoustic waves \(fast\)}{subsection*.19}% 28
\BOOKMARK [3][-]{subsubsection*.28}{Alfv\351n waves}{subsection*.19}% 29
\BOOKMARK [3][-]{subsubsection*.29}{EIT wave}{subsection*.19}% 30
\BOOKMARK [3][-]{subsubsection*.30}{Moreton wave}{subsection*.19}% 31
\BOOKMARK [2][-]{subsection*.31}{resonance}{section.1}% 32
\BOOKMARK [2][-]{subsection*.32}{resonant absorption}{section.1}% 33
\BOOKMARK [2][-]{subsection*.33}{torsional vibration}{section.1}% 34
\BOOKMARK [2][-]{subsection*.34}{Modes}{section.1}% 35
\BOOKMARK [2][-]{subsection*.35}{Normal modes}{section.1}% 36
\BOOKMARK [2][-]{subsection*.36}{trapped modes}{section.1}% 37
\BOOKMARK [2][-]{subsection*.37}{flute modes}{section.1}% 38
\BOOKMARK [2][-]{subsection*.38}{ballooning modes}{section.1}% 39
\BOOKMARK [2][-]{subsection*.39}{leaky modes}{section.1}% 40
\BOOKMARK [2][-]{subsection*.40}{Global/Fundamental modes}{section.1}% 41
\BOOKMARK [2][-]{subsection*.41}{Surface modes}{section.1}% 42
\BOOKMARK [2][-]{subsection*.42}{Body modes}{section.1}% 43
\BOOKMARK [2][-]{subsection*.43}{mode conversion}{section.1}% 44
\BOOKMARK [2][-]{subsection*.44}{mode coupling}{section.1}% 45
\BOOKMARK [2][-]{subsection*.45}{phase mixing}{section.1}% 46
\BOOKMARK [1][-]{section.2}{Observables}{}% 47
\BOOKMARK [2][-]{subsection*.46}{polarization}{section.2}% 48
\BOOKMARK [2][-]{subsection*.47}{Zeeman effect}{section.2}% 49
\BOOKMARK [2][-]{subsection*.48}{Hanle effect}{section.2}% 50
\BOOKMARK [2][-]{subsection*.49}{Emission measure}{section.2}% 51
\BOOKMARK [2][-]{subsection*.50}{Differential Emission Measure \(DEM\)}{section.2}% 52
\BOOKMARK [2][-]{subsection*.51}{Fraunhofer lines}{section.2}% 53
\BOOKMARK [1][-]{section.3}{Analysis techniques}{}% 54
\BOOKMARK [2][-]{subsection*.52}{periodogram}{section.3}% 55
\BOOKMARK [2][-]{subsection*.53}{wavelet analysis}{section.3}% 56
\BOOKMARK [2][-]{subsection*.54}{WKB approximation}{section.3}% 57
\BOOKMARK [1][-]{section.4}{Solar features}{}% 58
\BOOKMARK [2][-]{subsection*.55}{supergranules}{section.4}% 59
\BOOKMARK [2][-]{subsection*.56}{Bright points}{section.4}% 60
\BOOKMARK [2][-]{subsection*.57}{active regions}{section.4}% 61
\BOOKMARK [2][-]{subsection*.58}{sunspots}{section.4}% 62
\BOOKMARK [2][-]{subsection*.59}{spicules}{section.4}% 63
\BOOKMARK [2][-]{subsection*.60}{coronal holes}{section.4}% 64
\BOOKMARK [2][-]{subsection*.61}{coronal loops}{section.4}% 65
\BOOKMARK [2][-]{subsection*.62}{coronal streamer}{section.4}% 66
\BOOKMARK [2][-]{subsection*.63}{filament}{section.4}% 67
\BOOKMARK [2][-]{subsection*.64}{flares}{section.4}% 68
\BOOKMARK [2][-]{subsection*.65}{coronal mass ejections \(CMEs\)}{section.4}% 69
\BOOKMARK [2][-]{subsection*.66}{flux tubes}{section.4}% 70
\BOOKMARK [2][-]{subsection*.67}{facula}{section.4}% 71
\BOOKMARK [2][-]{subsection*.68}{jets}{section.4}% 72
\BOOKMARK [2][-]{subsection*.69}{solar cycle}{section.4}% 73
\BOOKMARK [2][-]{subsection*.70}{solar wind}{section.4}% 74
\BOOKMARK [2][-]{subsection*.71}{plage}{section.4}% 75
\BOOKMARK [2][-]{subsection*.72}{pores}{section.4}% 76
\BOOKMARK [2][-]{subsection*.73}{prominence}{section.4}% 77
\BOOKMARK [2][-]{subsection*.74}{plume}{section.4}% 78
\BOOKMARK [1][-]{section.5}{Maths}{}% 79
\BOOKMARK [2][-]{subsection*.75}{Bessel's equations}{section.5}% 80
\BOOKMARK [1][-]{section.6}{Other}{}% 81
\BOOKMARK [2][-]{subsection*.76}{adiabatic index}{section.6}% 82
\BOOKMARK [2][-]{subsection*.77}{frozen-in flux}{section.6}% 83
\BOOKMARK [2][-]{subsection*.78}{gyrosynchrotron radiation}{section.6}% 84
\BOOKMARK [2][-]{subsection*.79}{polytropic index}{section.6}% 85
\BOOKMARK [1][-]{section.7}{Solar instruments}{}% 86
\BOOKMARK [2][-]{subsection*.80}{SoHO}{section.7}% 87
\BOOKMARK [2][-]{subsection*.81}{DKIST}{section.7}% 88
\BOOKMARK [2][-]{subsection*.82}{Hinode}{section.7}% 89
\BOOKMARK [2][-]{subsection*.83}{Interface Region Imaging Spectrograph \(IRIS\)}{section.7}% 90
\BOOKMARK [2][-]{subsection*.84}{RHESSI}{section.7}% 91
\BOOKMARK [2][-]{subsection*.85}{Skylab}{section.7}% 92
\BOOKMARK [2][-]{subsection*.86}{Coronal Multichannel Polarimeter \(CoMP\)}{section.7}% 93
\BOOKMARK [2][-]{subsection*.87}{STEREO}{section.7}% 94
\BOOKMARK [2][-]{subsection*.88}{Solar Dynamics Observatory \(SDO\)}{section.7}% 95
\BOOKMARK [3][-]{subsubsection*.89}{AIA}{subsection*.88}% 96
\BOOKMARK [3][-]{subsubsection*.90}{EVE}{subsection*.88}% 97
\BOOKMARK [3][-]{subsubsection*.91}{HMI}{subsection*.88}% 98
\BOOKMARK [2][-]{subsection*.92}{TRACE}{section.7}% 99
